<?xml version="1.0" encoding="UTF-8" ?>
<testsuite tests="19" failures="0" name="negocio.LibroTest" time="0.056" errors="0" skipped="0">
  <properties>
[...]
</properties>
  <testcase classname="negocio.LibroTest" name="testGetFechaRetirada" time="0.016"/>
  <testcase classname="negocio.LibroTest" name="testGetAutor" time="0"/>
  <testcase classname="negocio.LibroTest" name="testToString" time="0.038"/>
  <testcase classname="negocio.LibroTest" name="testGetFechaDeposito" time="0"/>
  <testcase classname="negocio.LibroTest" name="testSetVendedor" time="0"/>
  <testcase classname="negocio.LibroTest" name="testGetVendedor" time="0"/>
  <testcase classname="negocio.LibroTest" name="testGetIsbn" time="0"/>
  <testcase classname="negocio.LibroTest" name="testSetIdLibro" time="0"/>
  <testcase classname="negocio.LibroTest" name="testGetPrecioMax" time="0"/>
  <testcase classname="negocio.LibroTest" name="testGetPrecioMin" time="0"/>
  <testcase classname="negocio.LibroTest" name="testSetFechaRetirada" time="0"/>
  <testcase classname="negocio.LibroTest" name="testSetPrecioMax" time="0"/>
  <testcase classname="negocio.LibroTest" name="testSetPrecioMin" time="0"/>
  <testcase classname="negocio.LibroTest" name="testSetTitulo" time="0"/>
  <testcase classname="negocio.LibroTest" name="testGetTitulo" time="0.001"/>
  <testcase classname="negocio.LibroTest" name="testSetIsbn" time="0.001"/>
  <testcase classname="negocio.LibroTest" name="testSetFechaDeposito" time="0"/>
  <testcase classname="negocio.LibroTest" name="testGetIdLibro" time="0"/>
  <testcase classname="negocio.LibroTest" name="testSetAutor" time="0"/>
</testsuite>